<?xml version="1.0" encoding="UTF-8"?>
<testsuite name="com.ddd.video.example.apps.mooc.controllers.healthcheck.HealthCheckGetControllerTest" tests="1" skipped="0" failures="0" errors="0" timestamp="2020-02-13T01:24:44" hostname="jhon-pc" time="0.188">
  <properties/>
  <testcase name="testHealthCheck()" classname="com.ddd.video.example.apps.mooc.controllers.healthcheck.HealthCheckGetControllerTest" time="0.188"/>
  <system-out><![CDATA[20:24:43.271 [Test worker] DEBUG org.springframework.test.context.BootstrapUtils - Instantiating CacheAwareContextLoaderDelegate from class [org.springframework.test.context.cache.DefaultCacheAwareContextLoaderDelegate]
20:24:43.281 [Test worker] DEBUG org.springframework.test.context.BootstrapUtils - Instantiating BootstrapContext using constructor [public org.springframework.test.context.support.DefaultBootstrapContext(java.lang.Class,org.springframework.test.context.CacheAwareContextLoaderDelegate)]
20:24:43.303 [Test worker] DEBUG org.springframework.test.context.BootstrapUtils - Instantiating TestContextBootstrapper for test class [com.ddd.video.example.apps.mooc.controllers.healthcheck.HealthCheckGetControllerTest] from class [org.springframework.boot.test.context.SpringBootTestContextBootstrapper]
20:24:43.312 [Test worker] INFO org.springframework.boot.test.context.SpringBootTestContextBootstrapper - Neither @ContextConfiguration nor @ContextHierarchy found for test class [com.ddd.video.example.apps.mooc.controllers.healthcheck.HealthCheckGetControllerTest], using SpringBootContextLoader
20:24:43.315 [Test worker] DEBUG org.springframework.test.context.support.AbstractContextLoader - Did not detect default resource location for test class [com.ddd.video.example.apps.mooc.controllers.healthcheck.HealthCheckGetControllerTest]: class path resource [com/ddd/video/example/apps/mooc/controllers/healthcheck/HealthCheckGetControllerTest-context.xml] does not exist
20:24:43.315 [Test worker] DEBUG org.springframework.test.context.support.AbstractContextLoader - Did not detect default resource location for test class [com.ddd.video.example.apps.mooc.controllers.healthcheck.HealthCheckGetControllerTest]: class path resource [com/ddd/video/example/apps/mooc/controllers/healthcheck/HealthCheckGetControllerTestContext.groovy] does not exist
20:24:43.315 [Test worker] INFO org.springframework.test.context.support.AbstractContextLoader - Could not detect default resource locations for test class [com.ddd.video.example.apps.mooc.controllers.healthcheck.HealthCheckGetControllerTest]: no resource found for suffixes {-context.xml, Context.groovy}.
20:24:43.316 [Test worker] INFO org.springframework.test.context.support.AnnotationConfigContextLoaderUtils - Could not detect default configuration classes for test class [com.ddd.video.example.apps.mooc.controllers.healthcheck.HealthCheckGetControllerTest]: HealthCheckGetControllerTest does not declare any static, non-private, non-final, nested classes annotated with @Configuration.
20:24:43.340 [Test worker] DEBUG org.springframework.test.context.support.ActiveProfilesUtils - Could not find an 'annotation declaring class' for annotation type [org.springframework.test.context.ActiveProfiles] and class [com.ddd.video.example.apps.mooc.controllers.healthcheck.HealthCheckGetControllerTest]
20:24:43.378 [Test worker] DEBUG org.springframework.context.annotation.ClassPathScanningCandidateComponentProvider - Identified candidate component class: file [/home/jhon/testworkspace/ddd-by-example/build/classes/java/main/com/ddd/video/example/apps/Starter.class]
20:24:43.378 [Test worker] INFO org.springframework.boot.test.context.SpringBootTestContextBootstrapper - Found @SpringBootConfiguration com.ddd.video.example.apps.Starter for test class com.ddd.video.example.apps.mooc.controllers.healthcheck.HealthCheckGetControllerTest
20:24:43.424 [Test worker] DEBUG org.springframework.boot.test.context.SpringBootTestContextBootstrapper - @TestExecutionListeners is not present for class [com.ddd.video.example.apps.mooc.controllers.healthcheck.HealthCheckGetControllerTest]: using defaults.
20:24:43.425 [Test worker] INFO org.springframework.boot.test.context.SpringBootTestContextBootstrapper - Loaded default TestExecutionListener class names from location [META-INF/spring.factories]: [org.springframework.boot.test.autoconfigure.restdocs.RestDocsTestExecutionListener, org.springframework.boot.test.autoconfigure.web.client.MockRestServiceServerResetTestExecutionListener, org.springframework.boot.test.autoconfigure.web.servlet.MockMvcPrintOnlyOnFailureTestExecutionListener, org.springframework.boot.test.autoconfigure.web.servlet.WebDriverTestExecutionListener, org.springframework.boot.test.mock.mockito.MockitoTestExecutionListener, org.springframework.boot.test.mock.mockito.ResetMocksTestExecutionListener, org.springframework.test.context.web.ServletTestExecutionListener, org.springframework.test.context.support.DirtiesContextBeforeModesTestExecutionListener, org.springframework.test.context.support.DependencyInjectionTestExecutionListener, org.springframework.test.context.support.DirtiesContextTestExecutionListener, org.springframework.test.context.transaction.TransactionalTestExecutionListener, org.springframework.test.context.jdbc.SqlScriptsTestExecutionListener, org.springframework.test.context.event.EventPublishingTestExecutionListener]
20:24:43.430 [Test worker] DEBUG org.springframework.boot.test.context.SpringBootTestContextBootstrapper - Skipping candidate TestExecutionListener [org.springframework.test.context.transaction.TransactionalTestExecutionListener] due to a missing dependency. Specify custom listener classes or make the default listener classes and their required dependencies available. Offending class: [org/springframework/transaction/interceptor/TransactionAttributeSource]
20:24:43.431 [Test worker] DEBUG org.springframework.boot.test.context.SpringBootTestContextBootstrapper - Skipping candidate TestExecutionListener [org.springframework.test.context.jdbc.SqlScriptsTestExecutionListener] due to a missing dependency. Specify custom listener classes or make the default listener classes and their required dependencies available. Offending class: [org/springframework/transaction/interceptor/TransactionAttribute]
20:24:43.431 [Test worker] INFO org.springframework.boot.test.context.SpringBootTestContextBootstrapper - Using TestExecutionListeners: [org.springframework.test.context.web.ServletTestExecutionListener@49446bd8, org.springframework.test.context.support.DirtiesContextBeforeModesTestExecutionListener@61f1bd3f, org.springframework.boot.test.mock.mockito.MockitoTestExecutionListener@10bee878, org.springframework.boot.test.autoconfigure.SpringBootDependencyInjectionTestExecutionListener@2539c9d7, org.springframework.test.context.support.DirtiesContextTestExecutionListener@4fc97c03, org.springframework.test.context.event.EventPublishingTestExecutionListener@233d3880, org.springframework.boot.test.autoconfigure.restdocs.RestDocsTestExecutionListener@44a7e9b7, org.springframework.boot.test.autoconfigure.web.client.MockRestServiceServerResetTestExecutionListener@2f3be785, org.springframework.boot.test.autoconfigure.web.servlet.MockMvcPrintOnlyOnFailureTestExecutionListener@2b96bf05, org.springframework.boot.test.autoconfigure.web.servlet.WebDriverTestExecutionListener@61a57bcf, org.springframework.boot.test.mock.mockito.ResetMocksTestExecutionListener@1a34dc1d]
20:24:43.433 [Test worker] DEBUG org.springframework.test.context.support.AbstractDirtiesContextTestExecutionListener - Before test class: context [DefaultTestContext@70bdaf39 testClass = HealthCheckGetControllerTest, testInstance = [null], testMethod = [null], testException = [null], mergedContextConfiguration = [WebMergedContextConfiguration@2e2fbb82 testClass = HealthCheckGetControllerTest, locations = '{}', classes = '{class com.ddd.video.example.apps.Starter}', contextInitializerClasses = '[]', activeProfiles = '{}', propertySourceLocations = '{}', propertySourceProperties = '{org.springframework.boot.test.context.SpringBootTestContextBootstrapper=true}', contextCustomizers = set[org.springframework.boot.test.autoconfigure.properties.PropertyMappingContextCustomizer@4b3fa0b3, org.springframework.boot.test.autoconfigure.web.servlet.WebDriverContextCustomizerFactory$Customizer@676dbbe5, [ImportsContextCustomizer@4622ae17 key = [org.springframework.boot.test.autoconfigure.web.servlet.MockMvcAutoConfiguration, org.springframework.boot.test.autoconfigure.web.servlet.MockMvcWebClientAutoConfiguration, org.springframework.boot.test.autoconfigure.web.servlet.MockMvcWebDriverAutoConfiguration, org.springframework.boot.autoconfigure.security.servlet.SecurityAutoConfiguration, org.springframework.boot.autoconfigure.security.servlet.UserDetailsServiceAutoConfiguration, org.springframework.boot.test.autoconfigure.web.servlet.MockMvcSecurityConfiguration]], org.springframework.boot.test.context.filter.ExcludeFilterContextCustomizer@5d895cb3, org.springframework.boot.test.json.DuplicateJsonObjectContextCustomizerFactory$DuplicateJsonObjectContextCustomizer@2e2caea, org.springframework.boot.test.mock.mockito.MockitoContextCustomizer@0, org.springframework.boot.test.web.client.TestRestTemplateContextCustomizer@387a8f93], resourceBasePath = 'src/main/webapp', contextLoader = 'org.springframework.boot.test.context.SpringBootContextLoader', parent = [null]], attributes = map['org.springframework.test.context.web.ServletTestExecutionListener.activateListener' -> true]], class annotated with @DirtiesContext [false] with mode [null].
20:24:43.447 [Test worker] DEBUG org.springframework.test.context.support.TestPropertySourceUtils - Adding inlined properties to environment: {spring.jmx.enabled=false, org.springframework.boot.test.context.SpringBootTestContextBootstrapper=true, server.port=-1}

  .   ____          _            __ _ _
 /\\ / ___'_ __ _ _(_)_ __  __ _ \ \ \ \
( ( )\___ | '_ | '_| | '_ \/ _` | \ \ \ \
 \\/  ___)| |_)| | | | | || (_| |  ) ) ) )
  '  |____| .__|_| |_|_| |_\__, | / / / /
 =========|_|==============|___/=/_/_/_/
 :: Spring Boot ::        (v2.2.1.RELEASE)

2020-02-12 20:24:43.597  INFO 6277 --- [    Test worker] v.e.a.m.c.h.HealthCheckGetControllerTest : Starting HealthCheckGetControllerTest on jhon-pc with PID 6277 (started by jhon in /home/jhon/testworkspace/ddd-by-example)
2020-02-12 20:24:43.598  INFO 6277 --- [    Test worker] v.e.a.m.c.h.HealthCheckGetControllerTest : No active profile set, falling back to default profiles: default
2020-02-12 20:24:44.251  INFO 6277 --- [    Test worker] o.s.s.concurrent.ThreadPoolTaskExecutor  : Initializing ExecutorService 'applicationTaskExecutor'
2020-02-12 20:24:44.380  INFO 6277 --- [    Test worker] o.s.b.t.m.w.SpringBootMockServletContext : Initializing Spring TestDispatcherServlet ''
2020-02-12 20:24:44.380  INFO 6277 --- [    Test worker] o.s.t.web.servlet.TestDispatcherServlet  : Initializing Servlet ''
2020-02-12 20:24:44.387  INFO 6277 --- [    Test worker] o.s.t.web.servlet.TestDispatcherServlet  : Completed initialization in 6 ms
2020-02-12 20:24:44.400  INFO 6277 --- [    Test worker] v.e.a.m.c.h.HealthCheckGetControllerTest : Started HealthCheckGetControllerTest in 0.947 seconds (JVM running for 1.539)
Inspect the beans 
Inspect the bean = applicationTaskExecutor
Inspect the bean = basicErrorController
Inspect the bean = beanNameHandlerMapping
Inspect the bean = beanNameViewResolver
Inspect the bean = characterEncodingFilter
Inspect the bean = commandLineRunner
Inspect the bean = conventionErrorViewResolver
Inspect the bean = defaultServletHandlerMapping
Inspect the bean = defaultValidator
Inspect the bean = defaultViewResolver
Inspect the bean = dispatcherServlet
Inspect the bean = dispatcherServletRegistration
Inspect the bean = error
Inspect the bean = errorAttributes
Inspect the bean = errorPageCustomizer
Inspect the bean = errorPageRegistrarBeanPostProcessor
Inspect the bean = formContentFilter
Inspect the bean = handlerExceptionResolver
Inspect the bean = handlerFunctionAdapter
Inspect the bean = healthCheckGetController
Inspect the bean = httpRequestHandlerAdapter
Inspect the bean = jacksonObjectMapper
Inspect the bean = jacksonObjectMapperBuilder
Inspect the bean = jsonComponentModule
Inspect the bean = localeCharsetMappingsCustomizer
Inspect the bean = mappingJackson2HttpMessageConverter
Inspect the bean = messageConverters
Inspect the bean = methodValidationPostProcessor
Inspect the bean = mockMvc
Inspect the bean = mockMvcBuilder
Inspect the bean = multipartConfigElement
Inspect the bean = multipartResolver
Inspect the bean = mvcContentNegotiationManager
Inspect the bean = mvcConversionService
Inspect the bean = mvcHandlerMappingIntrospector
Inspect the bean = mvcPathMatcher
Inspect the bean = mvcResourceUrlProvider
Inspect the bean = mvcUriComponentsContributor
Inspect the bean = mvcUrlPathHelper
Inspect the bean = mvcValidator
Inspect the bean = mvcViewResolver
Inspect the bean = org.springframework.aop.config.internalAutoProxyCreator
Inspect the bean = org.springframework.boot.autoconfigure.AutoConfigurationPackages
Inspect the bean = org.springframework.boot.autoconfigure.aop.AopAutoConfiguration
Inspect the bean = org.springframework.boot.autoconfigure.aop.AopAutoConfiguration$ClassProxyingConfiguration
Inspect the bean = org.springframework.boot.autoconfigure.context.ConfigurationPropertiesAutoConfiguration
Inspect the bean = org.springframework.boot.autoconfigure.context.PropertyPlaceholderAutoConfiguration
Inspect the bean = org.springframework.boot.autoconfigure.http.HttpMessageConvertersAutoConfiguration
Inspect the bean = org.springframework.boot.autoconfigure.http.HttpMessageConvertersAutoConfiguration$StringHttpMessageConverterConfiguration
Inspect the bean = org.springframework.boot.autoconfigure.http.JacksonHttpMessageConvertersConfiguration
Inspect the bean = org.springframework.boot.autoconfigure.http.JacksonHttpMessageConvertersConfiguration$MappingJackson2HttpMessageConverterConfiguration
Inspect the bean = org.springframework.boot.autoconfigure.info.ProjectInfoAutoConfiguration
Inspect the bean = org.springframework.boot.autoconfigure.internalCachingMetadataReaderFactory
Inspect the bean = org.springframework.boot.autoconfigure.jackson.JacksonAutoConfiguration
Inspect the bean = org.springframework.boot.autoconfigure.jackson.JacksonAutoConfiguration$Jackson2ObjectMapperBuilderCustomizerConfiguration
Inspect the bean = org.springframework.boot.autoconfigure.jackson.JacksonAutoConfiguration$JacksonObjectMapperBuilderConfiguration
Inspect the bean = org.springframework.boot.autoconfigure.jackson.JacksonAutoConfiguration$JacksonObjectMapperConfiguration
Inspect the bean = org.springframework.boot.autoconfigure.jackson.JacksonAutoConfiguration$ParameterNamesModuleConfiguration
Inspect the bean = org.springframework.boot.autoconfigure.security.oauth2.resource.servlet.OAuth2ResourceServerAutoConfiguration
Inspect the bean = org.springframework.boot.autoconfigure.task.TaskExecutionAutoConfiguration
Inspect the bean = org.springframework.boot.autoconfigure.task.TaskSchedulingAutoConfiguration
Inspect the bean = org.springframework.boot.autoconfigure.validation.ValidationAutoConfiguration
Inspect the bean = org.springframework.boot.autoconfigure.web.client.RestTemplateAutoConfiguration
Inspect the bean = org.springframework.boot.autoconfigure.web.embedded.EmbeddedWebServerFactoryCustomizerAutoConfiguration
Inspect the bean = org.springframework.boot.autoconfigure.web.embedded.EmbeddedWebServerFactoryCustomizerAutoConfiguration$TomcatWebServerFactoryCustomizerConfiguration
Inspect the bean = org.springframework.boot.autoconfigure.web.servlet.DispatcherServletAutoConfiguration
Inspect the bean = org.springframework.boot.autoconfigure.web.servlet.DispatcherServletAutoConfiguration$DispatcherServletConfiguration
Inspect the bean = org.springframework.boot.autoconfigure.web.servlet.DispatcherServletAutoConfiguration$DispatcherServletRegistrationConfiguration
Inspect the bean = org.springframework.boot.autoconfigure.web.servlet.HttpEncodingAutoConfiguration
Inspect the bean = org.springframework.boot.autoconfigure.web.servlet.MultipartAutoConfiguration
Inspect the bean = org.springframework.boot.autoconfigure.web.servlet.ServletWebServerFactoryAutoConfiguration
Inspect the bean = org.springframework.boot.autoconfigure.web.servlet.ServletWebServerFactoryConfiguration$EmbeddedTomcat
Inspect the bean = org.springframework.boot.autoconfigure.web.servlet.WebMvcAutoConfiguration
Inspect the bean = org.springframework.boot.autoconfigure.web.servlet.WebMvcAutoConfiguration$EnableWebMvcConfiguration
Inspect the bean = org.springframework.boot.autoconfigure.web.servlet.WebMvcAutoConfiguration$WebMvcAutoConfigurationAdapter
Inspect the bean = org.springframework.boot.autoconfigure.web.servlet.error.ErrorMvcAutoConfiguration
Inspect the bean = org.springframework.boot.autoconfigure.web.servlet.error.ErrorMvcAutoConfiguration$DefaultErrorViewResolverConfiguration
Inspect the bean = org.springframework.boot.autoconfigure.web.servlet.error.ErrorMvcAutoConfiguration$WhitelabelErrorViewConfiguration
Inspect the bean = org.springframework.boot.autoconfigure.websocket.servlet.WebSocketServletAutoConfiguration
Inspect the bean = org.springframework.boot.autoconfigure.websocket.servlet.WebSocketServletAutoConfiguration$TomcatWebSocketConfiguration
Inspect the bean = org.springframework.boot.context.internalConfigurationPropertiesBinder
Inspect the bean = org.springframework.boot.context.internalConfigurationPropertiesBinderFactory
Inspect the bean = org.springframework.boot.context.properties.ConfigurationBeanFactoryMetadata
Inspect the bean = org.springframework.boot.context.properties.ConfigurationPropertiesBeanDefinitionValidator
Inspect the bean = org.springframework.boot.context.properties.ConfigurationPropertiesBindingPostProcessor
Inspect the bean = org.springframework.boot.test.autoconfigure.web.servlet.MockMvcAutoConfiguration
Inspect the bean = org.springframework.boot.test.context.ImportsContextCustomizer$ImportsCleanupPostProcessor
Inspect the bean = org.springframework.boot.test.mock.mockito.MockitoPostProcessor
Inspect the bean = org.springframework.boot.test.mock.mockito.MockitoPostProcessor$SpyPostProcessor
Inspect the bean = org.springframework.context.annotation.internalAutowiredAnnotationProcessor
Inspect the bean = org.springframework.context.annotation.internalCommonAnnotationProcessor
Inspect the bean = org.springframework.context.annotation.internalConfigurationAnnotationProcessor
Inspect the bean = org.springframework.context.event.internalEventListenerFactory
Inspect the bean = org.springframework.context.event.internalEventListenerProcessor
Inspect the bean = parameterNamesModule
Inspect the bean = preserveErrorControllerTargetClassPostProcessor
Inspect the bean = propertySourcesPlaceholderConfigurer
Inspect the bean = requestContextFilter
Inspect the bean = requestMappingHandlerAdapter
Inspect the bean = requestMappingHandlerMapping
Inspect the bean = resourceHandlerMapping
Inspect the bean = restTemplateBuilder
Inspect the bean = routerFunctionMapping
Inspect the bean = server-org.springframework.boot.autoconfigure.web.ServerProperties
Inspect the bean = servletWebServerFactoryCustomizer
Inspect the bean = simpleControllerHandlerAdapter
Inspect the bean = spring.http-org.springframework.boot.autoconfigure.http.HttpProperties
Inspect the bean = spring.info-org.springframework.boot.autoconfigure.info.ProjectInfoProperties
Inspect the bean = spring.jackson-org.springframework.boot.autoconfigure.jackson.JacksonProperties
Inspect the bean = spring.mvc-org.springframework.boot.autoconfigure.web.servlet.WebMvcProperties
Inspect the bean = spring.resources-org.springframework.boot.autoconfigure.web.ResourceProperties
Inspect the bean = spring.security.oauth2.resourceserver-org.springframework.boot.autoconfigure.security.oauth2.resource.OAuth2ResourceServerProperties
Inspect the bean = spring.servlet.multipart-org.springframework.boot.autoconfigure.web.servlet.MultipartProperties
Inspect the bean = spring.task.execution-org.springframework.boot.autoconfigure.task.TaskExecutionProperties
Inspect the bean = spring.task.scheduling-org.springframework.boot.autoconfigure.task.TaskSchedulingProperties
Inspect the bean = springBootMockMvcBuilderCustomizer
Inspect the bean = standardJacksonObjectMapperBuilderCustomizer
Inspect the bean = starter
Inspect the bean = stringHttpMessageConverter
Inspect the bean = taskExecutorBuilder
Inspect the bean = taskSchedulerBuilder
Inspect the bean = tomcatServletWebServerFactory
Inspect the bean = tomcatServletWebServerFactoryCustomizer
Inspect the bean = tomcatWebServerFactoryCustomizer
Inspect the bean = viewControllerHandlerMapping
Inspect the bean = viewResolver
Inspect the bean = webServerFactoryCustomizerBeanPostProcessor
Inspect the bean = websocketServletWebServerCustomizer
Inspect the bean = welcomePageHandlerMapping
]]></system-out>
  <system-err><![CDATA[]]></system-err>
</testsuite>
