<?xml version="1.0" encoding="UTF-8"?>
<testsuite name="com.ddd.mooc.courses.infrastructure.persistence.MySqlCourseRepositoryShould" tests="3" skipped="0" failures="0" errors="0" timestamp="2020-02-25T01:50:11" hostname="jhon-pc" time="0.322">
  <properties/>
  <testcase name="get()" classname="com.ddd.mooc.courses.infrastructure.persistence.MySqlCourseRepositoryShould" time="0.259"/>
  <testcase name="save()" classname="com.ddd.mooc.courses.infrastructure.persistence.MySqlCourseRepositoryShould" time="0.034"/>
  <testcase name="getFailed()" classname="com.ddd.mooc.courses.infrastructure.persistence.MySqlCourseRepositoryShould" time="0.028"/>
  <system-out><![CDATA[20:50:08.627 [Test worker] DEBUG org.springframework.test.context.BootstrapUtils - Instantiating CacheAwareContextLoaderDelegate from class [org.springframework.test.context.cache.DefaultCacheAwareContextLoaderDelegate]
20:50:08.638 [Test worker] DEBUG org.springframework.test.context.BootstrapUtils - Instantiating BootstrapContext using constructor [public org.springframework.test.context.support.DefaultBootstrapContext(java.lang.Class,org.springframework.test.context.CacheAwareContextLoaderDelegate)]
20:50:08.656 [Test worker] DEBUG org.springframework.test.context.BootstrapUtils - Instantiating TestContextBootstrapper for test class [com.ddd.mooc.courses.infrastructure.persistence.MySqlCourseRepositoryShould] from class [org.springframework.boot.test.context.SpringBootTestContextBootstrapper]
20:50:08.673 [Test worker] DEBUG org.springframework.test.context.support.AbstractContextLoader - Did not detect default resource location for test class [com.ddd.apps.shared.infraestructure.MoocContextInfrastructureTestCase]: class path resource [com/ddd/apps/shared/infraestructure/MoocContextInfrastructureTestCase-context.xml] does not exist
20:50:08.674 [Test worker] DEBUG org.springframework.test.context.support.AbstractContextLoader - Did not detect default resource location for test class [com.ddd.apps.shared.infraestructure.MoocContextInfrastructureTestCase]: class path resource [com/ddd/apps/shared/infraestructure/MoocContextInfrastructureTestCaseContext.groovy] does not exist
20:50:08.674 [Test worker] INFO org.springframework.test.context.support.AbstractContextLoader - Could not detect default resource locations for test class [com.ddd.apps.shared.infraestructure.MoocContextInfrastructureTestCase]: no resource found for suffixes {-context.xml, Context.groovy}.
20:50:08.697 [Test worker] DEBUG org.springframework.test.context.support.ActiveProfilesUtils - Could not find an 'annotation declaring class' for annotation type [org.springframework.test.context.ActiveProfiles] and class [com.ddd.mooc.courses.infrastructure.persistence.MySqlCourseRepositoryShould]
20:50:08.778 [Test worker] DEBUG org.springframework.boot.test.context.SpringBootTestContextBootstrapper - @TestExecutionListeners is not present for class [com.ddd.mooc.courses.infrastructure.persistence.MySqlCourseRepositoryShould]: using defaults.
20:50:08.779 [Test worker] INFO org.springframework.boot.test.context.SpringBootTestContextBootstrapper - Loaded default TestExecutionListener class names from location [META-INF/spring.factories]: [org.springframework.boot.test.autoconfigure.restdocs.RestDocsTestExecutionListener, org.springframework.boot.test.autoconfigure.web.client.MockRestServiceServerResetTestExecutionListener, org.springframework.boot.test.autoconfigure.web.servlet.MockMvcPrintOnlyOnFailureTestExecutionListener, org.springframework.boot.test.autoconfigure.web.servlet.WebDriverTestExecutionListener, org.springframework.boot.test.mock.mockito.MockitoTestExecutionListener, org.springframework.boot.test.mock.mockito.ResetMocksTestExecutionListener, org.springframework.test.context.web.ServletTestExecutionListener, org.springframework.test.context.support.DirtiesContextBeforeModesTestExecutionListener, org.springframework.test.context.support.DependencyInjectionTestExecutionListener, org.springframework.test.context.support.DirtiesContextTestExecutionListener, org.springframework.test.context.transaction.TransactionalTestExecutionListener, org.springframework.test.context.jdbc.SqlScriptsTestExecutionListener, org.springframework.test.context.event.EventPublishingTestExecutionListener]
20:50:08.788 [Test worker] INFO org.springframework.boot.test.context.SpringBootTestContextBootstrapper - Using TestExecutionListeners: [org.springframework.test.context.web.ServletTestExecutionListener@665da40f, org.springframework.test.context.support.DirtiesContextBeforeModesTestExecutionListener@341273e1, org.springframework.boot.test.mock.mockito.MockitoTestExecutionListener@860cf39, org.springframework.boot.test.autoconfigure.SpringBootDependencyInjectionTestExecutionListener@7bb3d259, org.springframework.test.context.support.DirtiesContextTestExecutionListener@70457cfc, org.springframework.test.context.transaction.TransactionalTestExecutionListener@57ef946e, org.springframework.test.context.jdbc.SqlScriptsTestExecutionListener@59f890ad, org.springframework.test.context.event.EventPublishingTestExecutionListener@3c3cb0d1, org.springframework.boot.test.autoconfigure.restdocs.RestDocsTestExecutionListener@67458936, org.springframework.boot.test.autoconfigure.web.client.MockRestServiceServerResetTestExecutionListener@4ca23d54, org.springframework.boot.test.autoconfigure.web.servlet.MockMvcPrintOnlyOnFailureTestExecutionListener@51c2b195, org.springframework.boot.test.autoconfigure.web.servlet.WebDriverTestExecutionListener@8a13944, org.springframework.boot.test.mock.mockito.ResetMocksTestExecutionListener@43661d5f]
20:50:08.790 [Test worker] DEBUG org.springframework.test.context.support.AbstractDirtiesContextTestExecutionListener - Before test class: context [DefaultTestContext@561303c testClass = MySqlCourseRepositoryShould, testInstance = [null], testMethod = [null], testException = [null], mergedContextConfiguration = [WebMergedContextConfiguration@ad66ed6 testClass = MySqlCourseRepositoryShould, locations = '{}', classes = '{class com.ddd.apps.MoocBackendApplication}', contextInitializerClasses = '[]', activeProfiles = '{}', propertySourceLocations = '{}', propertySourceProperties = '{org.springframework.boot.test.context.SpringBootTestContextBootstrapper=true}', contextCustomizers = set[org.springframework.boot.test.autoconfigure.properties.PropertyMappingContextCustomizer@0, org.springframework.boot.test.autoconfigure.web.servlet.WebDriverContextCustomizerFactory$Customizer@5486bc9b, org.springframework.boot.test.context.filter.ExcludeFilterContextCustomizer@558ae04d, org.springframework.boot.test.json.DuplicateJsonObjectContextCustomizerFactory$DuplicateJsonObjectContextCustomizer@7824e6c4, org.springframework.boot.test.mock.mockito.MockitoContextCustomizer@0, org.springframework.boot.test.web.client.TestRestTemplateContextCustomizer@6b636e08], resourceBasePath = 'src/main/webapp', contextLoader = 'org.springframework.boot.test.context.SpringBootContextLoader', parent = [null]], attributes = map['org.springframework.test.context.web.ServletTestExecutionListener.activateListener' -> true]], class annotated with @DirtiesContext [false] with mode [null].
20:50:08.806 [Test worker] DEBUG org.springframework.test.context.support.TestPropertySourceUtils - Adding inlined properties to environment: {spring.jmx.enabled=false, org.springframework.boot.test.context.SpringBootTestContextBootstrapper=true, server.port=-1}

  .   ____          _            __ _ _
 /\\ / ___'_ __ _ _(_)_ __  __ _ \ \ \ \
( ( )\___ | '_ | '_| | '_ \/ _` | \ \ \ \
 \\/  ___)| |_)| | | | | || (_| |  ) ) ) )
  '  |____| .__|_| |_|_| |_\__, | / / / /
 =========|_|==============|___/=/_/_/_/
 :: Spring Boot ::        (v2.2.1.RELEASE)

2020-02-24 20:50:08.975  INFO 28897 --- [    Test worker] c.d.m.c.i.p.MySqlCourseRepositoryShould  : Starting MySqlCourseRepositoryShould on jhon-pc with PID 28897 (started by jhon in /home/jhon/testworkspace/ddd-by-example/src/mooc)
2020-02-24 20:50:08.976  INFO 28897 --- [    Test worker] c.d.m.c.i.p.MySqlCourseRepositoryShould  : No active profile set, falling back to default profiles: default
2020-02-24 20:50:09.704  INFO 28897 --- [    Test worker] org.hibernate.Version                    : HHH000412: Hibernate Core {5.4.5.Final}
2020-02-24 20:50:10.315  INFO 28897 --- [    Test worker] o.hibernate.annotations.common.Version   : HCANN000001: Hibernate Commons Annotations {5.1.0.Final}
2020-02-24 20:50:10.660  INFO 28897 --- [    Test worker] org.hibernate.dialect.Dialect            : HHH000400: Using dialect: org.hibernate.dialect.MySQL8Dialect
2020-02-24 20:50:11.046  INFO 28897 --- [    Test worker] o.h.e.t.j.p.i.JtaPlatformInitiator       : HHH000490: Using JtaPlatform implementation: [org.hibernate.engine.transaction.jta.platform.internal.NoJtaPlatform]
2020-02-24 20:50:11.352  INFO 28897 --- [    Test worker] o.s.s.concurrent.ThreadPoolTaskExecutor  : Initializing ExecutorService 'applicationTaskExecutor'
2020-02-24 20:50:11.540  INFO 28897 --- [    Test worker] c.d.m.c.i.p.MySqlCourseRepositoryShould  : Started MySqlCourseRepositoryShould in 2.728 seconds (JVM running for 3.345)
Hibernate: insert into courses (name, duration, id) values (?, ?, ?)
Hibernate: select course0_.id as id1_0_0_, course0_.name as name2_0_0_, course0_.duration as duration3_0_0_ from courses course0_ where course0_.id=?
Hibernate: insert into courses (name, duration, id) values (?, ?, ?)
Hibernate: select course0_.id as id1_0_0_, course0_.name as name2_0_0_, course0_.duration as duration3_0_0_ from courses course0_ where course0_.id=?
]]></system-out>
  <system-err><![CDATA[]]></system-err>
</testsuite>
