<?xml version="1.0" encoding="UTF-8"?>
<testsuite name="com.ddd.video.example.apps.mooc.courses.infraestructure.InMemoryRepositoryShould" tests="4" skipped="0" failures="0" errors="0" timestamp="2020-02-18T02:56:46" hostname="jhon-pc" time="0.474">
  <properties/>
  <testcase name="delete()" classname="com.ddd.video.example.apps.mooc.courses.infraestructure.InMemoryRepositoryShould" time="0.189"/>
  <testcase name="get()" classname="com.ddd.video.example.apps.mooc.courses.infraestructure.InMemoryRepositoryShould" time="0.099"/>
  <testcase name="save()" classname="com.ddd.video.example.apps.mooc.courses.infraestructure.InMemoryRepositoryShould" time="0.082"/>
  <testcase name="getFailed()" classname="com.ddd.video.example.apps.mooc.courses.infraestructure.InMemoryRepositoryShould" time="0.101"/>
  <system-out><![CDATA[]]></system-out>
  <system-err><![CDATA[]]></system-err>
</testsuite>
