<?xml version="1.0" encoding="UTF-8"?>
<testsuite name="com.ddd.video.example.apps.mooc.courses.application.create.CourseCreatorShould" tests="1" skipped="0" failures="0" errors="0" timestamp="2020-02-14T19:07:42" hostname="jhon-pc" time="0.265">
  <properties/>
  <testcase name="create()" classname="com.ddd.video.example.apps.mooc.courses.application.create.CourseCreatorShould" time="0.265"/>
  <system-out><![CDATA[]]></system-out>
  <system-err><![CDATA[]]></system-err>
</testsuite>
